[2015-03-26 06:45:47] production.ERROR: exception 'InvalidArgumentException' with message 'View [jobstreet.index] not found.' in /Users/RusselBaoy/Projects/php/appeal-test/vendor/compiled.php:12898
Stack trace:
#0 /Users/RusselBaoy/Projects/php/appeal-test/vendor/compiled.php(12871): Illuminate\View\FileViewFinder->findInPaths('jobstreet.index', Array)
#1 /Users/RusselBaoy/Projects/php/appeal-test/vendor/compiled.php(12996): Illuminate\View\FileViewFinder->find('jobstreet.index')
#2 /Users/RusselBaoy/Projects/php/appeal-test/vendor/laravel/framework/src/Illuminate/Foundation/helpers.php(565): Illuminate\View\Factory->make('jobstreet.index', Array, Array)
#3 /Users/RusselBaoy/Projects/php/appeal-test/app/Http/routes.php(30): view('jobstreet.index')
#4 [internal function]: App\Providers\RouteServiceProvider->{closure}()
#5 /Users/RusselBaoy/Projects/php/appeal-test/vendor/compiled.php(7298): call_user_func_array(Object(Closure), Array)
#6 /Users/RusselBaoy/Projects/php/appeal-test/vendor/compiled.php(7285): Illuminate\Routing\Route->runCallable(Object(Illuminate\Http\Request))
#7 /Users/RusselBaoy/Projects/php/appeal-test/vendor/compiled.php(6954): Illuminate\Routing\Route->run(Object(Illuminate\Http\Request))
#8 [internal function]: Illuminate\Routing\Router->Illuminate\Routing\{closure}(Object(Illuminate\Http\Request))
#9 /Users/RusselBaoy/Projects/php/appeal-test/vendor/compiled.php(8952): call_user_func(Object(Closure), Object(Illuminate\Http\Request))
#10 [internal function]: Illuminate\Pipeline\Pipeline->Illuminate\Pipeline\{closure}(Object(Illuminate\Http\Request))
#11 /Users/RusselBaoy/Projects/php/appeal-test/vendor/compiled.php(8935): call_user_func(Object(Closure), Object(Illuminate\Http\Request))
#12 /Users/RusselBaoy/Projects/php/appeal-test/vendor/compiled.php(6955): Illuminate\Pipeline\Pipeline->then(Object(Closure))
#13 /Users/RusselBaoy/Projects/php/appeal-test/vendor/compiled.php(6944): Illuminate\Routing\Router->runRouteWithinStack(Object(Illuminate\Routing\Route), Object(Illuminate\Http\Request))
#14 /Users/RusselBaoy/Projects/php/appeal-test/vendor/compiled.php(6929): Illuminate\Routing\Router->dispatchToRoute(Object(Illuminate\Http\Request))
#15 /Users/RusselBaoy/Projects/php/appeal-test/vendor/compiled.php(1935): Illuminate\Routing\Router->dispatch(Object(Illuminate\Http\Request))
#16 [internal function]: Illuminate\Foundation\Http\Kernel->Illuminate\Foundation\Http\{closure}(Object(Illuminate\Http\Request))
#17 /Users/RusselBaoy/Projects/php/appeal-test/vendor/compiled.php(8952): call_user_func(Object(Closure), Object(Illuminate\Http\Request))
#18 /Users/RusselBaoy/Projects/php/appeal-test/vendor/compiled.php(2438): Illuminate\Pipeline\Pipeline->Illuminate\Pipeline\{closure}(Object(Illuminate\Http\Request))
#19 /Users/RusselBaoy/Projects/php/appeal-test/app/Http/Middleware/VerifyCsrfToken.php(17): Illuminate\Foundation\Http\Middleware\VerifyCsrfToken->handle(Object(Illuminate\Http\Request), Object(Closure))
#20 /Users/RusselBaoy/Projects/php/appeal-test/vendor/compiled.php(8944): App\Http\Middleware\VerifyCsrfToken->handle(Object(Illuminate\Http\Request), Object(Closure))
#21 /Users/RusselBaoy/Projects/php/appeal-test/vendor/compiled.php(12083): Illuminate\Pipeline\Pipeline->Illuminate\Pipeline\{closure}(Object(Illuminate\Http\Request))
#22 /Users/RusselBaoy/Projects/php/appeal-test/vendor/compiled.php(8944): Illuminate\View\Middleware\ShareErrorsFromSession->handle(Object(Illuminate\Http\Request), Object(Closure))
#23 /Users/RusselBaoy/Projects/php/appeal-test/vendor/compiled.php(10785): Illuminate\Pipeline\Pipeline->Illuminate\Pipeline\{closure}(Object(Illuminate\Http\Request))
#24 /Users/RusselBaoy/Projects/php/appeal-test/vendor/compiled.php(8944): Illuminate\Session\Middleware\StartSession->handle(Object(Illuminate\Http\Request), Object(Closure))
#25 /Users/RusselBaoy/Projects/php/appeal-test/vendor/compiled.php(11789): Illuminate\Pipeline\Pipeline->Illuminate\Pipeline\{closure}(Object(Illuminate\Http\Request))
#26 /Users/RusselBaoy/Projects/php/appeal-test/vendor/compiled.php(8944): Illuminate\Cookie\Middleware\AddQueuedCookiesToResponse->handle(Object(Illuminate\Http\Request), Object(Closure))
#27 /Users/RusselBaoy/Projects/php/appeal-test/vendor/compiled.php(11738): Illuminate\Pipeline\Pipeline->Illuminate\Pipeline\{closure}(Object(Illuminate\Http\Request))
#28 /Users/RusselBaoy/Projects/php/appeal-test/vendor/compiled.php(8944): Illuminate\Cookie\Middleware\EncryptCookies->handle(Object(Illuminate\Http\Request), Object(Closure))
#29 /Users/RusselBaoy/Projects/php/appeal-test/vendor/compiled.php(2478): Illuminate\Pipeline\Pipeline->Illuminate\Pipeline\{closure}(Object(Illuminate\Http\Request))
#30 /Users/RusselBaoy/Projects/php/appeal-test/vendor/compiled.php(8944): Illuminate\Foundation\Http\Middleware\CheckForMaintenanceMode->handle(Object(Illuminate\Http\Request), Object(Closure))
#31 [internal function]: Illuminate\Pipeline\Pipeline->Illuminate\Pipeline\{closure}(Object(Illuminate\Http\Request))
#32 /Users/RusselBaoy/Projects/php/appeal-test/vendor/compiled.php(8935): call_user_func(Object(Closure), Object(Illuminate\Http\Request))
#33 /Users/RusselBaoy/Projects/php/appeal-test/vendor/compiled.php(1891): Illuminate\Pipeline\Pipeline->then(Object(Closure))
#34 /Users/RusselBaoy/Projects/php/appeal-test/vendor/compiled.php(1880): Illuminate\Foundation\Http\Kernel->sendRequestThroughRouter(Object(Illuminate\Http\Request))
#35 /Users/RusselBaoy/Projects/php/appeal-test/public/index.php(53): Illuminate\Foundation\Http\Kernel->handle(Object(Illuminate\Http\Request))
#36 /Users/RusselBaoy/Projects/php/appeal-test/server.php(21): require_once('/Users/RusselBa...')
#37 {main}  
